C:\Users\ayomi\source\repos\Nxgn_Movie\Nxgn_Movie\FontEnd\dist\out-tsc\e2e\app.po.js
C:\Users\ayomi\source\repos\Nxgn_Movie\Nxgn_Movie\FontEnd\dist\out-tsc\e2e\app.po.js.map
C:\Users\ayomi\source\repos\Nxgn_Movie\Nxgn_Movie\FontEnd\dist\out-tsc\e2e\app.e2e-spec.js
C:\Users\ayomi\source\repos\Nxgn_Movie\Nxgn_Movie\FontEnd\dist\out-tsc\e2e\app.e2e-spec.js.map
C:\Users\ayomi\source\repos\Nxgn_Movie\Nxgn_Movie\FontEnd\dist\out-tsc\src\app\app.component.js
C:\Users\ayomi\source\repos\Nxgn_Movie\Nxgn_Movie\FontEnd\dist\out-tsc\src\app\app.component.js.map
C:\Users\ayomi\source\repos\Nxgn_Movie\Nxgn_Movie\FontEnd\dist\out-tsc\src\app\@themes\components\auth\auth.component.js
C:\Users\ayomi\source\repos\Nxgn_Movie\Nxgn_Movie\FontEnd\dist\out-tsc\src\app\@themes\components\auth\auth.component.js.map
C:\Users\ayomi\source\repos\Nxgn_Movie\Nxgn_Movie\FontEnd\dist\out-tsc\src\app\@themes\components\auth\lazyloader.routes.js
C:\Users\ayomi\source\repos\Nxgn_Movie\Nxgn_Movie\FontEnd\dist\out-tsc\src\app\@themes\components\auth\lazyloader.routes.js.map
C:\Users\ayomi\source\repos\Nxgn_Movie\Nxgn_Movie\FontEnd\dist\out-tsc\src\app\@themes\components\core\sidemenu\menu-element.js
C:\Users\ayomi\source\repos\Nxgn_Movie\Nxgn_Movie\FontEnd\dist\out-tsc\src\app\@themes\components\core\sidemenu\menu-element.js.map
C:\Users\ayomi\source\repos\Nxgn_Movie\Nxgn_Movie\FontEnd\dist\out-tsc\src\app\@themes\components\core\sidemenu\sidemenu.component.js
C:\Users\ayomi\source\repos\Nxgn_Movie\Nxgn_Movie\FontEnd\dist\out-tsc\src\app\@themes\components\core\sidemenu\sidemenu.component.js.map
C:\Users\ayomi\source\repos\Nxgn_Movie\Nxgn_Movie\FontEnd\dist\out-tsc\src\app\@themes\components\core\sidemenu-item\sidemenu-item.component.js
C:\Users\ayomi\source\repos\Nxgn_Movie\Nxgn_Movie\FontEnd\dist\out-tsc\src\app\@themes\components\core\sidemenu-item\sidemenu-item.component.js.map
C:\Users\ayomi\source\repos\Nxgn_Movie\Nxgn_Movie\FontEnd\dist\out-tsc\src\app\@themes\components\core\toolbar\toolbar.helpers.js
C:\Users\ayomi\source\repos\Nxgn_Movie\Nxgn_Movie\FontEnd\dist\out-tsc\src\app\@themes\components\core\toolbar\toolbar.helpers.js.map
C:\Users\ayomi\source\repos\Nxgn_Movie\Nxgn_Movie\FontEnd\dist\out-tsc\src\app\@themes\components\core\toolbar\toolbar.component.js
C:\Users\ayomi\source\repos\Nxgn_Movie\Nxgn_Movie\FontEnd\dist\out-tsc\src\app\@themes\components\core\toolbar\toolbar.component.js.map
C:\Users\ayomi\source\repos\Nxgn_Movie\Nxgn_Movie\FontEnd\dist\out-tsc\src\app\@themes\components\core\fullscreen\fullscreen.component.js
C:\Users\ayomi\source\repos\Nxgn_Movie\Nxgn_Movie\FontEnd\dist\out-tsc\src\app\@themes\components\core\fullscreen\fullscreen.component.js.map
C:\Users\ayomi\source\repos\Nxgn_Movie\Nxgn_Movie\FontEnd\dist\out-tsc\src\app\@themes\components\core\sidebar\sidebar.component.js
C:\Users\ayomi\source\repos\Nxgn_Movie\Nxgn_Movie\FontEnd\dist\out-tsc\src\app\@themes\components\core\sidebar\sidebar.component.js.map
C:\Users\ayomi\source\repos\Nxgn_Movie\Nxgn_Movie\FontEnd\dist\out-tsc\src\app\shared\interfaces\interfaces.js
C:\Users\ayomi\source\repos\Nxgn_Movie\Nxgn_Movie\FontEnd\dist\out-tsc\src\app\shared\interfaces\interfaces.js.map
C:\Users\ayomi\source\repos\Nxgn_Movie\Nxgn_Movie\FontEnd\dist\out-tsc\src\app\@themes\components\core\user-menu\user-menu.component.js
C:\Users\ayomi\source\repos\Nxgn_Movie\Nxgn_Movie\FontEnd\dist\out-tsc\src\app\@themes\components\core\user-menu\user-menu.component.js.map
C:\Users\ayomi\source\repos\Nxgn_Movie\Nxgn_Movie\FontEnd\dist\out-tsc\src\app\@themes\components\core\core.module.js
C:\Users\ayomi\source\repos\Nxgn_Movie\Nxgn_Movie\FontEnd\dist\out-tsc\src\app\@themes\components\core\core.module.js.map
C:\Users\ayomi\source\repos\Nxgn_Movie\Nxgn_Movie\FontEnd\dist\out-tsc\src\app\@themes\components\auth\auth.module.js
C:\Users\ayomi\source\repos\Nxgn_Movie\Nxgn_Movie\FontEnd\dist\out-tsc\src\app\@themes\components\auth\auth.module.js.map
C:\Users\ayomi\source\repos\Nxgn_Movie\Nxgn_Movie\FontEnd\dist\out-tsc\src\app\@themes\components\lazy-load\lazy-load.module.js
C:\Users\ayomi\source\repos\Nxgn_Movie\Nxgn_Movie\FontEnd\dist\out-tsc\src\app\@themes\components\lazy-load\lazy-load.module.js.map
C:\Users\ayomi\source\repos\Nxgn_Movie\Nxgn_Movie\FontEnd\dist\out-tsc\src\app\shared\utils\config.service.js
C:\Users\ayomi\source\repos\Nxgn_Movie\Nxgn_Movie\FontEnd\dist\out-tsc\src\app\shared\utils\config.service.js.map
C:\Users\ayomi\source\repos\Nxgn_Movie\Nxgn_Movie\FontEnd\dist\out-tsc\src\app\shared\pipes\date-format.pipe.js
C:\Users\ayomi\source\repos\Nxgn_Movie\Nxgn_Movie\FontEnd\dist\out-tsc\src\app\shared\pipes\date-format.pipe.js.map
C:\Users\ayomi\source\repos\Nxgn_Movie\Nxgn_Movie\FontEnd\dist\out-tsc\src\app\@pages\helpers\jwt.interceptors.js
C:\Users\ayomi\source\repos\Nxgn_Movie\Nxgn_Movie\FontEnd\dist\out-tsc\src\app\@pages\helpers\jwt.interceptors.js.map
C:\Users\ayomi\source\repos\Nxgn_Movie\Nxgn_Movie\FontEnd\dist\out-tsc\src\app\app.module.js
C:\Users\ayomi\source\repos\Nxgn_Movie\Nxgn_Movie\FontEnd\dist\out-tsc\src\app\app.module.js.map
C:\Users\ayomi\source\repos\Nxgn_Movie\Nxgn_Movie\FontEnd\dist\out-tsc\src\environments\environment.js
C:\Users\ayomi\source\repos\Nxgn_Movie\Nxgn_Movie\FontEnd\dist\out-tsc\src\environments\environment.js.map
C:\Users\ayomi\source\repos\Nxgn_Movie\Nxgn_Movie\FontEnd\dist\out-tsc\src\main.js
C:\Users\ayomi\source\repos\Nxgn_Movie\Nxgn_Movie\FontEnd\dist\out-tsc\src\main.js.map
C:\Users\ayomi\source\repos\Nxgn_Movie\Nxgn_Movie\FontEnd\dist\out-tsc\src\polyfills.js
C:\Users\ayomi\source\repos\Nxgn_Movie\Nxgn_Movie\FontEnd\dist\out-tsc\src\polyfills.js.map
C:\Users\ayomi\source\repos\Nxgn_Movie\Nxgn_Movie\FontEnd\dist\out-tsc\src\test.js
C:\Users\ayomi\source\repos\Nxgn_Movie\Nxgn_Movie\FontEnd\dist\out-tsc\src\test.js.map
C:\Users\ayomi\source\repos\Nxgn_Movie\Nxgn_Movie\FontEnd\dist\out-tsc\src\app\app.component.spec.js
C:\Users\ayomi\source\repos\Nxgn_Movie\Nxgn_Movie\FontEnd\dist\out-tsc\src\app\app.component.spec.js.map
C:\Users\ayomi\source\repos\Nxgn_Movie\Nxgn_Movie\FontEnd\dist\out-tsc\src\environments\environment.prod.js
C:\Users\ayomi\source\repos\Nxgn_Movie\Nxgn_Movie\FontEnd\dist\out-tsc\src\environments\environment.prod.js.map
C:\Users\ayomi\source\repos\Nxgn_Movie\Nxgn_Movie\FontEnd\dist\out-tsc\src\app\shared\services\category.data.service.js
C:\Users\ayomi\source\repos\Nxgn_Movie\Nxgn_Movie\FontEnd\dist\out-tsc\src\app\shared\services\category.data.service.js.map
C:\Users\ayomi\source\repos\Nxgn_Movie\Nxgn_Movie\FontEnd\dist\out-tsc\src\app\@pages\Categories\category-alert\category-alert.js
C:\Users\ayomi\source\repos\Nxgn_Movie\Nxgn_Movie\FontEnd\dist\out-tsc\src\app\@pages\Categories\category-alert\category-alert.js.map
C:\Users\ayomi\source\repos\Nxgn_Movie\Nxgn_Movie\FontEnd\dist\out-tsc\src\app\@pages\Categories\category-create\category-create.js
C:\Users\ayomi\source\repos\Nxgn_Movie\Nxgn_Movie\FontEnd\dist\out-tsc\src\app\@pages\Categories\category-create\category-create.js.map
C:\Users\ayomi\source\repos\Nxgn_Movie\Nxgn_Movie\FontEnd\dist\out-tsc\src\app\@pages\Categories\category-update\category-update.js
C:\Users\ayomi\source\repos\Nxgn_Movie\Nxgn_Movie\FontEnd\dist\out-tsc\src\app\@pages\Categories\category-update\category-update.js.map
C:\Users\ayomi\source\repos\Nxgn_Movie\Nxgn_Movie\FontEnd\dist\out-tsc\src\app\@pages\Categories\CategoryView\category.component.js
C:\Users\ayomi\source\repos\Nxgn_Movie\Nxgn_Movie\FontEnd\dist\out-tsc\src\app\@pages\Categories\CategoryView\category.component.js.map
C:\Users\ayomi\source\repos\Nxgn_Movie\Nxgn_Movie\FontEnd\dist\out-tsc\src\app\@pages\Categories\category.module.js
C:\Users\ayomi\source\repos\Nxgn_Movie\Nxgn_Movie\FontEnd\dist\out-tsc\src\app\@pages\Categories\category.module.js.map
C:\Users\ayomi\source\repos\Nxgn_Movie\Nxgn_Movie\FontEnd\dist\out-tsc\src\app\@pages\Categories\category.routing.js
C:\Users\ayomi\source\repos\Nxgn_Movie\Nxgn_Movie\FontEnd\dist\out-tsc\src\app\@pages\Categories\category.routing.js.map
C:\Users\ayomi\source\repos\Nxgn_Movie\Nxgn_Movie\FontEnd\dist\out-tsc\src\app\shared\services\movie.data.service.js
C:\Users\ayomi\source\repos\Nxgn_Movie\Nxgn_Movie\FontEnd\dist\out-tsc\src\app\shared\services\movie.data.service.js.map
C:\Users\ayomi\source\repos\Nxgn_Movie\Nxgn_Movie\FontEnd\dist\out-tsc\src\app\@pages\movies\movie-alert\movie-alert.js
C:\Users\ayomi\source\repos\Nxgn_Movie\Nxgn_Movie\FontEnd\dist\out-tsc\src\app\@pages\movies\movie-alert\movie-alert.js.map
C:\Users\ayomi\source\repos\Nxgn_Movie\Nxgn_Movie\FontEnd\dist\out-tsc\src\app\@pages\movies\movie-create\movie-create.js
C:\Users\ayomi\source\repos\Nxgn_Movie\Nxgn_Movie\FontEnd\dist\out-tsc\src\app\@pages\movies\movie-create\movie-create.js.map
C:\Users\ayomi\source\repos\Nxgn_Movie\Nxgn_Movie\FontEnd\dist\out-tsc\src\app\@pages\movies\movie-update\movie-update.js
C:\Users\ayomi\source\repos\Nxgn_Movie\Nxgn_Movie\FontEnd\dist\out-tsc\src\app\@pages\movies\movie-update\movie-update.js.map
C:\Users\ayomi\source\repos\Nxgn_Movie\Nxgn_Movie\FontEnd\dist\out-tsc\src\app\@pages\movies\MovieView\movie.component.js
C:\Users\ayomi\source\repos\Nxgn_Movie\Nxgn_Movie\FontEnd\dist\out-tsc\src\app\@pages\movies\MovieView\movie.component.js.map
C:\Users\ayomi\source\repos\Nxgn_Movie\Nxgn_Movie\FontEnd\dist\out-tsc\src\app\@pages\movies\movie.module.js
C:\Users\ayomi\source\repos\Nxgn_Movie\Nxgn_Movie\FontEnd\dist\out-tsc\src\app\@pages\movies\movie.module.js.map
C:\Users\ayomi\source\repos\Nxgn_Movie\Nxgn_Movie\FontEnd\dist\out-tsc\src\app\@pages\pages\pages.routes.js
C:\Users\ayomi\source\repos\Nxgn_Movie\Nxgn_Movie\FontEnd\dist\out-tsc\src\app\@pages\pages\pages.routes.js.map
C:\Users\ayomi\source\repos\Nxgn_Movie\Nxgn_Movie\FontEnd\dist\out-tsc\src\app\@pages\pages\pages.module.js
C:\Users\ayomi\source\repos\Nxgn_Movie\Nxgn_Movie\FontEnd\dist\out-tsc\src\app\@pages\pages\pages.module.js.map
C:\Users\ayomi\source\repos\Nxgn_Movie\Nxgn_Movie\FontEnd\dist\out-tsc\src\app\shared\services\user.data.service.js
C:\Users\ayomi\source\repos\Nxgn_Movie\Nxgn_Movie\FontEnd\dist\out-tsc\src\app\shared\services\user.data.service.js.map
C:\Users\ayomi\source\repos\Nxgn_Movie\Nxgn_Movie\FontEnd\dist\out-tsc\src\app\@pages\pages\loginnew\login.component.js
C:\Users\ayomi\source\repos\Nxgn_Movie\Nxgn_Movie\FontEnd\dist\out-tsc\src\app\@pages\pages\loginnew\login.component.js.map
C:\Users\ayomi\source\repos\Nxgn_Movie\Nxgn_Movie\FontEnd\dist\out-tsc\src\app\@pages\pages\loginnew\login.module.js
C:\Users\ayomi\source\repos\Nxgn_Movie\Nxgn_Movie\FontEnd\dist\out-tsc\src\app\@pages\pages\loginnew\login.module.js.map
C:\Users\ayomi\source\repos\Nxgn_Movie\Nxgn_Movie\FontEnd\dist\out-tsc\src\app\@pages\pages\registernew\register.component.js
C:\Users\ayomi\source\repos\Nxgn_Movie\Nxgn_Movie\FontEnd\dist\out-tsc\src\app\@pages\pages\registernew\register.component.js.map
C:\Users\ayomi\source\repos\Nxgn_Movie\Nxgn_Movie\FontEnd\dist\out-tsc\src\app\@pages\pages\registernew\register.module.js
C:\Users\ayomi\source\repos\Nxgn_Movie\Nxgn_Movie\FontEnd\dist\out-tsc\src\app\@pages\pages\registernew\register.module.js.map
C:\Users\ayomi\source\repos\Nxgn_Movie\Nxgn_Movie\FontEnd\dist\out-tsc\src\app\@themes\components\auth\auth.component.spec.js
C:\Users\ayomi\source\repos\Nxgn_Movie\Nxgn_Movie\FontEnd\dist\out-tsc\src\app\@themes\components\auth\auth.component.spec.js.map
C:\Users\ayomi\source\repos\Nxgn_Movie\Nxgn_Movie\FontEnd\dist\out-tsc\src\app\@themes\components\core\fullscreen\fullscreen.component.spec.js
C:\Users\ayomi\source\repos\Nxgn_Movie\Nxgn_Movie\FontEnd\dist\out-tsc\src\app\@themes\components\core\fullscreen\fullscreen.component.spec.js.map
C:\Users\ayomi\source\repos\Nxgn_Movie\Nxgn_Movie\FontEnd\dist\out-tsc\src\app\@themes\components\core\sidebar\sidebar.component.spec.js
C:\Users\ayomi\source\repos\Nxgn_Movie\Nxgn_Movie\FontEnd\dist\out-tsc\src\app\@themes\components\core\sidebar\sidebar.component.spec.js.map
C:\Users\ayomi\source\repos\Nxgn_Movie\Nxgn_Movie\FontEnd\dist\out-tsc\src\app\@themes\components\core\sidemenu\sidemenu.component.spec.js
C:\Users\ayomi\source\repos\Nxgn_Movie\Nxgn_Movie\FontEnd\dist\out-tsc\src\app\@themes\components\core\sidemenu\sidemenu.component.spec.js.map
C:\Users\ayomi\source\repos\Nxgn_Movie\Nxgn_Movie\FontEnd\dist\out-tsc\src\app\@themes\components\core\sidemenu-item\sidemenu-item.component.spec.js
C:\Users\ayomi\source\repos\Nxgn_Movie\Nxgn_Movie\FontEnd\dist\out-tsc\src\app\@themes\components\core\sidemenu-item\sidemenu-item.component.spec.js.map
C:\Users\ayomi\source\repos\Nxgn_Movie\Nxgn_Movie\FontEnd\dist\out-tsc\src\app\@themes\components\core\toolbar\toolbar.component.spec.js
C:\Users\ayomi\source\repos\Nxgn_Movie\Nxgn_Movie\FontEnd\dist\out-tsc\src\app\@themes\components\core\toolbar\toolbar.component.spec.js.map
C:\Users\ayomi\source\repos\Nxgn_Movie\Nxgn_Movie\FontEnd\dist\out-tsc\src\app\@themes\components\core\user-menu\user-menu.component.spec.js
C:\Users\ayomi\source\repos\Nxgn_Movie\Nxgn_Movie\FontEnd\dist\out-tsc\src\app\@themes\components\core\user-menu\user-menu.component.spec.js.map
